<?xml version="1.0" encoding="UTF-8"?>
<!-- Generated by org.testng.reporters.JUnitReportReporter -->
<testsuite skipped="0" hostname="DESKTOP-ML2RV93" name="Com.QA.Runner.TestRunner" tests="1" failures="0" timestamp="24 Jul 2022 18:21:11 GMT" time="66.401" errors="0">
  <testcase name="feature" time="66.401" classname="Com.QA.Runner.TestRunner"/>
</testsuite> <!-- Com.QA.Runner.TestRunner -->
